<?xml version="1.0" encoding="UTF-8"?>
<!-- Generated by org.testng.reporters.JUnitXMLReporter -->
<testsuite hostname="sapc024" name="myTests" tests="4" failures="0" timestamp="19 Jul 2016 15:03:31 GMT" time="17.714" errors="0">
  <testcase name="method" time="5.068" classname="my.samples.searchGoogleTest"/>
  <testcase name="method" time="4.39" classname="my.samples.searchGoogleTest"/>
  <testcase name="method" time="4.194" classname="my.samples.searchGoogleTest"/>
  <testcase name="method" time="4.048" classname="my.samples.searchGoogleTest"/>
</testsuite> <!-- myTests -->
