<?xml version="1.0" encoding="UTF-8"?>
<testng-results skipped="0" failed="0" total="4" passed="4">
  <reporter-output>
  </reporter-output>
  <suite name="mySuite" duration-ms="17714" started-at="2016-07-19T15:03:13Z" finished-at="2016-07-19T15:03:30Z">
    <groups>
    </groups>
    <test name="myTests" duration-ms="17714" started-at="2016-07-19T15:03:13Z" finished-at="2016-07-19T15:03:30Z">
      <class name="my.samples.searchGoogleTest">
        <test-method status="PASS" signature="method(java.lang.String)[pri:0, instance:my.samples.searchGoogleTest@5dd72c40]" name="method" duration-ms="5068" started-at="2016-07-19T11:03:13Z" data-provider="myShoppingTest" finished-at="2016-07-19T11:03:18Z">
          <params>
            <param index="0">
              <value>
                <![CDATA[Best Buy]]>
              </value>
            </param>
          </params>
          <reporter-output>
          </reporter-output>
        </test-method> <!-- method -->
        <test-method status="PASS" signature="method(java.lang.String)[pri:0, instance:my.samples.searchGoogleTest@5dd72c40]" name="method" duration-ms="4390" started-at="2016-07-19T11:03:18Z" data-provider="myShoppingTest" finished-at="2016-07-19T11:03:22Z">
          <params>
            <param index="0">
              <value>
                <![CDATA[Amazon]]>
              </value>
            </param>
          </params>
          <reporter-output>
          </reporter-output>
        </test-method> <!-- method -->
        <test-method status="PASS" signature="method(java.lang.String)[pri:0, instance:my.samples.searchGoogleTest@5dd72c40]" name="method" duration-ms="4194" started-at="2016-07-19T11:03:22Z" data-provider="myShoppingTest" finished-at="2016-07-19T11:03:26Z">
          <params>
            <param index="0">
              <value>
                <![CDATA[Macy's]]>
              </value>
            </param>
          </params>
          <reporter-output>
          </reporter-output>
        </test-method> <!-- method -->
        <test-method status="PASS" signature="method(java.lang.String)[pri:0, instance:my.samples.searchGoogleTest@5dd72c40]" name="method" duration-ms="4048" started-at="2016-07-19T11:03:26Z" data-provider="myShoppingTest" finished-at="2016-07-19T11:03:30Z">
          <params>
            <param index="0">
              <value>
                <![CDATA[Sears]]>
              </value>
            </param>
          </params>
          <reporter-output>
          </reporter-output>
        </test-method> <!-- method -->
      </class> <!-- my.samples.searchGoogleTest -->
    </test> <!-- myTests -->
  </suite> <!-- mySuite -->
</testng-results>
